<?xml version="1.0" encoding="UTF-8"?>
<testsuite name="TestSuite" time="4.793" tests="3" errors="0" skipped="0" failures="0">
  <properties>
[...]
</properties>
  <testcase name="testCreateCourse" classname="main.java.seleniumTest.courseTests.ManageCourseTest" time="1.798"/>
  <testcase name="testGoBackToCourses" classname="main.java.seleniumTest.courseTests.ManageCourseTest" time="1.494"/>
  <testcase name="testClickTitle" classname="main.java.seleniumTest.courseTests.CoursesTest" time="1.501"/>
</testsuite>