<?xml version="1.0" encoding="UTF-8"?>
<testng-results skipped="0" failed="0" ignored="0" total="3" passed="3">
  <reporter-output>
  </reporter-output>
  <suite name="Selenium tests" duration-ms="14455" started-at="2020-12-13T23:47:06 IST" finished-at="2020-12-13T23:47:20 IST">
    <groups>
    </groups>
    <test name="Manage Course Test" duration-ms="14455" started-at="2020-12-13T23:47:06 IST" finished-at="2020-12-13T23:47:20 IST">
      <class name="main.java.seleniumTest.courseTests.ManageCourseTest">
        <test-method status="PASS" signature="init()[pri:0, instance:main.java.seleniumTest.courseTests.ManageCourseTest@3c0f93f1]" name="init" is-config="true" duration-ms="151" started-at="2020-12-13T23:47:14 IST" finished-at="2020-12-13T23:47:14 IST">
          <reporter-output>
          </reporter-output>
        </test-method> <!-- init -->
        <test-method status="PASS" signature="testCreateCourse()[pri:0, instance:main.java.seleniumTest.courseTests.ManageCourseTest@3c0f93f1]" name="testCreateCourse" duration-ms="1796" started-at="2020-12-13T23:47:14 IST" finished-at="2020-12-13T23:47:16 IST">
          <reporter-output>
          </reporter-output>
        </test-method> <!-- testCreateCourse -->
        <test-method status="PASS" signature="testGoBackToCourses()[pri:0, instance:main.java.seleniumTest.courseTests.ManageCourseTest@3c0f93f1]" name="testGoBackToCourses" duration-ms="1496" started-at="2020-12-13T23:47:16 IST" finished-at="2020-12-13T23:47:18 IST">
          <reporter-output>
          </reporter-output>
        </test-method> <!-- testGoBackToCourses -->
        <test-method status="PASS" signature="closeWebDriver()[pri:0, instance:main.java.seleniumTest.courseTests.ManageCourseTest@3c0f93f1]" name="closeWebDriver" is-config="true" duration-ms="10" started-at="2020-12-13T23:47:20 IST" finished-at="2020-12-13T23:47:20 IST">
          <reporter-output>
          </reporter-output>
        </test-method> <!-- closeWebDriver -->
      </class> <!-- main.java.seleniumTest.courseTests.ManageCourseTest -->
      <class name="main.java.seleniumTest.courseTests.CoursesTest">
        <test-method status="PASS" signature="init()[pri:0, instance:main.java.seleniumTest.courseTests.CoursesTest@31dc339b]" name="init" is-config="true" duration-ms="8199" started-at="2020-12-13T23:47:06 IST" finished-at="2020-12-13T23:47:14 IST">
          <reporter-output>
          </reporter-output>
        </test-method> <!-- init -->
        <test-method status="PASS" signature="testClickTitle()[pri:0, instance:main.java.seleniumTest.courseTests.CoursesTest@31dc339b]" name="testClickTitle" duration-ms="1502" started-at="2020-12-13T23:47:18 IST" finished-at="2020-12-13T23:47:19 IST">
          <reporter-output>
          </reporter-output>
        </test-method> <!-- testClickTitle -->
        <test-method status="PASS" signature="closeWebDriver()[pri:0, instance:main.java.seleniumTest.courseTests.CoursesTest@31dc339b]" name="closeWebDriver" is-config="true" duration-ms="1262" started-at="2020-12-13T23:47:19 IST" finished-at="2020-12-13T23:47:20 IST">
          <reporter-output>
          </reporter-output>
        </test-method> <!-- closeWebDriver -->
      </class> <!-- main.java.seleniumTest.courseTests.CoursesTest -->
    </test> <!-- Manage Course Test -->
  </suite> <!-- Selenium tests -->
</testng-results>
