<?xml version="1.0" encoding="UTF-8"?>
<!-- Generated by org.testng.reporters.JUnitXMLReporter -->
<testsuite hostname="A5991858" ignored="0" name="Course Test" tests="2" failures="0" timestamp="2020-12-13T16:39:02 IST" time="1.928" errors="0">
  <testcase name="testCreateCourse" time="1.086" classname="main.java.seleniumTest.courseTests.ManageCourseTest"/>
  <testcase name="testGoBackToCourses" time="0.802" classname="main.java.seleniumTest.courseTests.ManageCourseTest"/>
</testsuite> <!-- Course Test -->
