<?xml version="1.0" encoding="UTF-8"?>
<!-- Generated by org.testng.reporters.JUnitXMLReporter -->
<testsuite hostname="A5991858" ignored="0" name="Manage Course Test" tests="3" failures="0" timestamp="2020-12-13T23:47:21 IST" time="14.455" errors="0">
  <testcase name="testCreateCourse" time="1.796" classname="main.java.seleniumTest.courseTests.ManageCourseTest"/>
  <testcase name="testGoBackToCourses" time="1.496" classname="main.java.seleniumTest.courseTests.ManageCourseTest"/>
  <testcase name="testClickTitle" time="1.502" classname="main.java.seleniumTest.courseTests.CoursesTest"/>
</testsuite> <!-- Manage Course Test -->
